2020-06-13T15:33:00.379Z [MY BANK API] info: API start
2020-06-13T15:33:39.602Z [MY BANK API] info: API start
2020-06-13T15:33:58.285Z [MY BANK API] info: API start
2020-06-13T15:34:03.766Z [MY BANK API] info: API start
2020-06-13T15:34:13.315Z [MY BANK API] info: API start
2020-06-13T15:34:23.589Z [MY BANK API] info: API start
2020-06-13T15:34:26.699Z [MY BANK API] info: API start
2020-06-13T15:34:34.272Z [MY BANK API] info: API start
2020-06-13T15:34:50.660Z [MY BANK API] info: API start
2020-06-13T15:35:03.734Z [MY BANK API] info: API start
2020-06-13T15:35:40.257Z [MY BANK API] info: API start
2020-06-13T15:36:11.994Z [MY BANK API] info: API start
2020-06-13T15:37:35.930Z [MY BANK API] info: API start
2020-06-13T15:37:53.188Z [MY BANK API] info: API start
2020-06-13T15:38:12.010Z [MY BANK API] info: API start
2020-06-13T15:38:53.727Z [MY BANK API] info: API start
2020-06-13T15:39:28.973Z [MY BANK API] info: API start
2020-06-13T15:39:36.279Z [MY BANK API] info: API start
2020-06-13T15:39:51.574Z [MY BANK API] info: API start
2020-06-13T15:40:38.505Z [MY BANK API] info: API start
2020-06-13T15:41:06.063Z [MY BANK API] info: API start
2020-06-13T15:41:40.734Z [MY BANK API] info: API start
2020-06-13T15:41:45.969Z [MY BANK API] info: API start
2020-06-13T15:42:02.305Z [MY BANK API] info: API start
2020-06-13T15:42:17.487Z [MY BANK API] info: API start
2020-06-13T15:42:24.402Z [MY BANK API] info: API start
2020-06-13T15:42:34.643Z [MY BANK API] info: API start
2020-06-13T15:42:56.043Z [MY BANK API] info: API start
2020-06-13T15:43:45.654Z [MY BANK API] info: API start
2020-06-13T15:43:52.164Z [MY BANK API] info: API start
2020-06-13T15:43:59.768Z [MY BANK API] info: API start
2020-06-13T15:44:14.803Z [MY BANK API] info: API start
2020-06-13T15:44:35.235Z [MY BANK API] info: POST /account - {"id":14,"name":"Loggers","balance":20}
2020-06-13T15:44:45.474Z [MY BANK API] info: GET /account
2020-06-13T15:45:29.056Z [MY BANK API] info: PUT /account - {"id":14,"name":"Loggeres novo","balance":100}
2020-06-13T15:45:43.708Z [MY BANK API] info: DELETE /account/:id 14
2020-06-13T15:45:48.478Z [MY BANK API] info: GET /account
2020-06-13T15:46:13.680Z [MY BANK API] info: POST /account/transation - {}
2020-06-13T15:46:44.930Z [MY BANK API] info: API start
2020-06-13T15:46:59.135Z [MY BANK API] info: POST /account/transation - {"id":12,"value":5000}
2020-06-13T15:47:08.692Z [MY BANK API] info: POST /account/transation - {"id":12,"value":-5000}
2020-06-13T15:47:17.454Z [MY BANK API] info: POST /account/transation - {"id":12,"value":-5000}
2020-06-13T15:47:19.393Z [MY BANK API] info: POST /account/transation - {"id":12,"value":-5000}
2020-06-13T15:47:21.370Z [MY BANK API] error: POST /account/transation Saldo insuficiente
